Arguments: 
  C:\Program Files\nodejs\node.exe C:\Users\Juriani\AppData\Roaming\npm\node_modules\yarn\bin\yarn.js add flask_cors

PATH: 
  C:\ProgramData\Oracle\Java\javapath;C:\Program Files\Broadcom\Broadcom 802.11 Network Adapter;C:\WINDOWS\system32;C:\WINDOWS;C:\WINDOWS\System32\Wbem;C:\WINDOWS\System32\WindowsPowerShell\v1.0\;c:\Program Files (x86)\ATI Technologies\ATI.ACE\Core-Static;C:\Program Files (x86)\MySQL\MySQL Server 5.0\bin;C:\Program Files\Java\jdk-9\bin;C:\TDM-GCC-64\bin;C:\WINDOWS\System32\OpenSSH\;C:\Program Files\nodejs\;C:\Program Files\Git\cmd;C:\Users\Juriani\AppData\Local\Microsoft\WindowsApps;C:\Program Files\Java\jdk-9\bin;C:\TDM-GCC-64\x86_64-w64-mingw32\bin;C:\Program Files\MongoDB\Server\4.0\bin;C:\Users\Juriani\AppData\Local\Programs\Microsoft VS Code\bin;C:\Users\Juriani\AppData\Local\Programs\Python\Python37-32;C:\Users\Juriani\AppData\Roaming\npm;C:\Users\Juriani\AppData\Local\Programs\Python\Python37-32\Scripts;

Yarn version: 
  1.17.3

Node version: 
  12.6.0

Platform: 
  win32 x64

Trace: 
  Error: https://registry.yarnpkg.com/flask_cors: Not found
      at Request.params.callback [as _callback] (C:\Users\Juriani\AppData\Roaming\npm\node_modules\yarn\lib\cli.js:66830:18)
      at Request.self.callback (C:\Users\Juriani\AppData\Roaming\npm\node_modules\yarn\lib\cli.js:140464:22)
      at Request.emit (events.js:203:13)
      at Request.<anonymous> (C:\Users\Juriani\AppData\Roaming\npm\node_modules\yarn\lib\cli.js:141436:10)
      at Request.emit (events.js:203:13)
      at IncomingMessage.<anonymous> (C:\Users\Juriani\AppData\Roaming\npm\node_modules\yarn\lib\cli.js:141358:12)
      at Object.onceWrapper (events.js:291:20)
      at IncomingMessage.emit (events.js:208:15)
      at endReadableNT (_stream_readable.js:1154:12)
      at processTicksAndRejections (internal/process/task_queues.js:77:11)

npm manifest: 
  No manifest

yarn manifest: 
  No manifest

Lockfile: 
  No lockfile
